[    0.000000] Linux version 4.15.0-117-generic (buildd@lcy01-amd64-008) (gcc version 7.5.0 (Ubuntu 7.5.0-3ubuntu1~18.04)) #118-Ubuntu SMP Fri Sep 4 20:02:41 UTC 2020 (Ubuntu 4.15.0-117.118-generic 4.15.18)
[    0.000000] Command line: BOOT_IMAGE=/boot/vmlinuz-4.15.0-117-generic root=UUID=aac03293-c0ac-4bf0-a829-be8d31d9d5f4 ro console=tty1 console=ttyS0
[    0.000000] KERNEL supported cpus:
[    0.000000]   Intel GenuineIntel
[    0.000000]   AMD AuthenticAMD
[    0.000000]   Centaur CentaurHauls
[    0.000000] x86/fpu: Supporting XSAVE feature 0x001: 'x87 floating point registers'
[    0.000000] x86/fpu: Supporting XSAVE feature 0x002: 'SSE registers'
[    0.000000] x86/fpu: Supporting XSAVE feature 0x004: 'AVX registers'
[    0.000000] x86/fpu: xstate_offset[2]:  576, xstate_sizes[2]:  256
[    0.000000] x86/fpu: Enabled xstate features 0x7, context size is 832 bytes, using 'standard' format.
[    0.000000] e820: BIOS-provided physical RAM map:
[    0.000000] BIOS-e820: [mem 0x0000000000000000-0x000000000009fbff] usable
[    0.000000] BIOS-e820: [mem 0x000000000009fc00-0x000000000009ffff] reserved
[    0.000000] BIOS-e820: [mem 0x00000000000f0000-0x00000000000fffff] reserved
[    0.000000] BIOS-e820: [mem 0x0000000000100000-0x000000003ffeffff] usable
[    0.000000] BIOS-e820: [mem 0x000000003fff0000-0x000000003fffffff] ACPI data
[    0.000000] BIOS-e820: [mem 0x00000000fec00000-0x00000000fec00fff] reserved
[    0.000000] BIOS-e820: [mem 0x00000000fee00000-0x00000000fee00fff] reserved
[    0.000000] BIOS-e820: [mem 0x00000000fffc0000-0x00000000ffffffff] reserved
[    0.000000] NX (Execute Disable) protection: active
[    0.000000] SMBIOS 2.5 present.
[    0.000000] DMI: innotek GmbH VirtualBox/VirtualBox, BIOS VirtualBox 12/01/2006
[    0.000000] Hypervisor detected: KVM
[    0.000000] e820: last_pfn = 0x3fff0 max_arch_pfn = 0x400000000
[    0.000000] MTRR: Disabled
[    0.000000] x86/PAT: MTRRs disabled, skipping PAT initialization too.
[    0.000000] CPU MTRRs all blank - virtualized system.
[    0.000000] x86/PAT: Configuration [0-7]: WB  WT  UC- UC  WB  WT  UC- UC  
[    0.000000] found SMP MP-table at [mem 0x0009fff0-0x0009ffff]
[    0.000000] Scanning 1 areas for low memory corruption
[    0.000000] RAMDISK: [mem 0x3595f000-0x36ca6fff]
[    0.000000] ACPI: Early table checksum verification disabled
[    0.000000] ACPI: RSDP 0x00000000000E0000 000024 (v02 VBOX  )
[    0.000000] ACPI: XSDT 0x000000003FFF0030 00003C (v01 VBOX   VBOXXSDT 00000001 ASL  00000061)
[    0.000000] ACPI: FACP 0x000000003FFF00F0 0000F4 (v04 VBOX   VBOXFACP 00000001 ASL  00000061)
[    0.000000] ACPI: DSDT 0x000000003FFF0470 0022EA (v02 VBOX   VBOXBIOS 00000002 INTL 20100528)
[    0.000000] ACPI: FACS 0x000000003FFF0200 000040
[    0.000000] ACPI: FACS 0x000000003FFF0200 000040
[    0.000000] ACPI: APIC 0x000000003FFF0240 00005C (v02 VBOX   VBOXAPIC 00000001 ASL  00000061)
[    0.000000] ACPI: SSDT 0x000000003FFF02A0 0001CC (v01 VBOX   VBOXCPUT 00000002 INTL 20100528)
[    0.000000] No NUMA configuration found
[    0.000000] Faking a node at [mem 0x0000000000000000-0x000000003ffeffff]
[    0.000000] NODE_DATA(0) allocated [mem 0x3ffc5000-0x3ffeffff]
[    0.000000] kvm-clock: cpu 0, msr 0:3ff44001, primary cpu clock
[    0.000000] kvm-clock: Using msrs 4b564d01 and 4b564d00
[    0.000000] kvm-clock: using sched offset of 4875961564 cycles
[    0.000000] clocksource: kvm-clock: mask: 0xffffffffffffffff max_cycles: 0x1cd42e4dffb, max_idle_ns: 881590591483 ns
[    0.000000] Zone ranges:
[    0.000000]   DMA      [mem 0x0000000000001000-0x0000000000ffffff]
[    0.000000]   DMA32    [mem 0x0000000001000000-0x000000003ffeffff]
[    0.000000]   Normal   empty
[    0.000000]   Device   empty
[    0.000000] Movable zone start for each node
[    0.000000] Early memory node ranges
[    0.000000]   node   0: [mem 0x0000000000001000-0x000000000009efff]
[    0.000000]   node   0: [mem 0x0000000000100000-0x000000003ffeffff]
[    0.000000] Reserved but unavailable: 98 pages
[    0.000000] Initmem setup node 0 [mem 0x0000000000001000-0x000000003ffeffff]
[    0.000000] ACPI: PM-Timer IO Port: 0x4008
[    0.000000] IOAPIC[0]: apic_id 2, version 32, address 0xfec00000, GSI 0-23
[    0.000000] ACPI: INT_SRC_OVR (bus 0 bus_irq 0 global_irq 2 dfl dfl)
[    0.000000] ACPI: INT_SRC_OVR (bus 0 bus_irq 9 global_irq 9 low level)
[    0.000000] Using ACPI (MADT) for SMP configuration information
[    0.000000] smpboot: Allowing 2 CPUs, 0 hotplug CPUs
[    0.000000] PM: Registered nosave memory: [mem 0x00000000-0x00000fff]
[    0.000000] PM: Registered nosave memory: [mem 0x0009f000-0x0009ffff]
[    0.000000] PM: Registered nosave memory: [mem 0x000a0000-0x000effff]
[    0.000000] PM: Registered nosave memory: [mem 0x000f0000-0x000fffff]
[    0.000000] e820: [mem 0x40000000-0xfebfffff] available for PCI devices
[    0.000000] Booting paravirtualized kernel on KVM
[    0.000000] clocksource: refined-jiffies: mask: 0xffffffff max_cycles: 0xffffffff, max_idle_ns: 7645519600211568 ns
[    0.000000] random: get_random_bytes called from start_kernel+0x99/0x500 with crng_init=0
[    0.000000] setup_percpu: NR_CPUS:8192 nr_cpumask_bits:2 nr_cpu_ids:2 nr_node_ids:1
[    0.000000] percpu: Embedded 45 pages/cpu s147456 r8192 d28672 u1048576
[    0.000000] PV qspinlock hash table entries: 256 (order: 0, 4096 bytes)
[    0.000000] Built 1 zonelists, mobility grouping on.  Total pages: 257913
[    0.000000] Policy zone: DMA32
[    0.000000] Kernel command line: BOOT_IMAGE=/boot/vmlinuz-4.15.0-117-generic root=UUID=aac03293-c0ac-4bf0-a829-be8d31d9d5f4 ro console=tty1 console=ttyS0
[    0.000000] Memory: 982504K/1048120K available (12300K kernel code, 2481K rwdata, 4272K rodata, 2436K init, 2724K bss, 65616K reserved, 0K cma-reserved)
[    0.000000] SLUB: HWalign=64, Order=0-3, MinObjects=0, CPUs=2, Nodes=1
[    0.000000] Kernel/User page tables isolation: enabled
[    0.000000] ftrace: allocating 39392 entries in 154 pages
[    0.004000] Hierarchical RCU implementation.
[    0.004000] 	RCU restricting CPUs from NR_CPUS=8192 to nr_cpu_ids=2.
[    0.004000] 	Tasks RCU enabled.
[    0.004000] RCU: Adjusting geometry for rcu_fanout_leaf=16, nr_cpu_ids=2
[    0.004000] NR_IRQS: 524544, nr_irqs: 440, preallocated irqs: 16
[    0.004000] Console: colour VGA+ 80x25
[    0.004000] console [tty1] enabled
[    0.004000] console [ttyS0] enabled
[    0.004000] ACPI: Core revision 20170831
[    0.004000] ACPI: 2 ACPI AML tables successfully acquired and loaded
[    0.004000] APIC: Switch to symmetric I/O mode setup
[    0.004000] x2apic enabled
[    0.004009] Switched APIC routing to physical x2apic.
[    0.007731] ..TIMER: vector=0x30 apic1=0 pin1=2 apic2=-1 pin2=-1
[    0.008004] tsc: Detected 1992.000 MHz processor
[    0.009364] Calibrating delay loop (skipped) preset value.. 3984.00 BogoMIPS (lpj=7968000)
[    0.012004] pid_max: default: 32768 minimum: 301
[    0.013358] Security Framework initialized
[    0.016004] Yama: becoming mindful.
[    0.016918] AppArmor: AppArmor initialized
[    0.018017] Dentry cache hash table entries: 131072 (order: 8, 1048576 bytes)
[    0.020075] Inode-cache hash table entries: 65536 (order: 7, 524288 bytes)
[    0.022365] Mount-cache hash table entries: 2048 (order: 2, 16384 bytes)
[    0.024009] Mountpoint-cache hash table entries: 2048 (order: 2, 16384 bytes)
[    0.026219] Last level iTLB entries: 4KB 64, 2MB 8, 4MB 8
[    0.027621] Last level dTLB entries: 4KB 64, 2MB 0, 4MB 0, 1GB 4
[    0.028004] Spectre V1 : Mitigation: usercopy/swapgs barriers and __user pointer sanitization
[    0.032004] Spectre V2 : Mitigation: Full generic retpoline
[    0.033277] Spectre V2 : Spectre v2 / SpectreRSB mitigation: Filling RSB on context switch
[    0.035198] Speculative Store Bypass: Vulnerable
[    0.036059] SRBDS: Unknown: Dependent on hypervisor status
[    0.037319] MDS: Vulnerable: Clear CPU buffers attempted, no microcode
[    0.039074] Freeing SMP alternatives memory: 36K
[    0.152101] smpboot: CPU0: Intel(R) Core(TM) i7-8550U CPU @ 1.80GHz (family: 0x6, model: 0x8e, stepping: 0xa)
[    0.155021] Performance Events: unsupported p6 CPU model 142 no PMU driver, software events only.
[    0.156056] Hierarchical SRCU implementation.
[    0.158364] NMI watchdog: Perf event create on CPU 0 failed with -2
[    0.160004] NMI watchdog: Perf NMI watchdog permanently disabled
[    0.161827] smp: Bringing up secondary CPUs ...
[    0.164104] x86: Booting SMP configuration:
[    0.165417] .... node  #0, CPUs:      #1
[    0.004000] kvm-clock: cpu 1, msr 0:3ff44041, secondary cpu clock
[    0.171317] smp: Brought up 1 node, 2 CPUs
[    0.172009] smpboot: Max logical packages: 1
[    0.173280] smpboot: Total of 2 processors activated (7968.00 BogoMIPS)
[    0.176074] devtmpfs: initialized
[    0.177107] x86/mm: Memory block size: 128MB
[    0.178492] evm: security.selinux
[    0.180008] evm: security.SMACK64
[    0.181112] evm: security.SMACK64EXEC
[    0.182121] evm: security.SMACK64TRANSMUTE
[    0.184014] evm: security.SMACK64MMAP
[    0.186584] evm: security.apparmor
[    0.188013] evm: security.ima
[    0.192011] evm: security.capability
[    0.196218] clocksource: jiffies: mask: 0xffffffff max_cycles: 0xffffffff, max_idle_ns: 7645041785100000 ns
[    0.200033] futex hash table entries: 512 (order: 3, 32768 bytes)
[    0.208000] pinctrl core: initialized pinctrl subsystem
[    0.208206] RTC time: 12:32:49, date: 09/14/20
[    0.210045] NET: Registered protocol family 16
[    0.212147] audit: initializing netlink subsys (disabled)
[    0.214104] audit: type=2000 audit(1600086775.472:1): state=initialized audit_enabled=0 res=1
[    0.216037] cpuidle: using governor ladder
[    0.217571] cpuidle: using governor menu
[    0.220074] ACPI: bus type PCI registered
[    0.221529] acpiphp: ACPI Hot Plug PCI Controller Driver version: 0.5
[    0.224189] PCI: Using configuration type 1 for base access
[    0.230040] HugeTLB registered 2.00 MiB page size, pre-allocated 0 pages
[    0.232166] ACPI: Added _OSI(Module Device)
[    0.236009] ACPI: Added _OSI(Processor Device)
[    0.237641] ACPI: Added _OSI(3.0 _SCP Extensions)
[    0.239367] ACPI: Added _OSI(Processor Aggregator Device)
[    0.240006] ACPI: Added _OSI(Linux-Dell-Video)
[    0.241750] ACPI: Added _OSI(Linux-Lenovo-NV-HDMI-Audio)
[    0.244005] ACPI: Added _OSI(Linux-HPI-Hybrid-Graphics)
[    0.246673] ACPI: Executed 1 blocks of module-level executable AML code
[    0.257148] ACPI: Interpreter enabled
[    0.258485] ACPI: (supports S0 S5)
[    0.260006] ACPI: Using IOAPIC for interrupt routing
[    0.262396] PCI: Using host bridge windows from ACPI; if necessary, use "pci=nocrs" and report a bug
[    0.264276] ACPI: Enabled 2 GPEs in block 00 to 07
[    0.277085] ACPI: PCI Root Bridge [PCI0] (domain 0000 [bus 00-ff])
[    0.279198] acpi PNP0A03:00: _OSC: OS supports [ASPM ClockPM Segments MSI]
[    0.280575] acpi PNP0A03:00: _OSC: not requesting OS control; OS requires [ExtendedConfig ASPM ClockPM MSI]
[    0.282833] acpi PNP0A03:00: fail to add MMCONFIG information, can't access extended PCI configuration space under this bridge.
[    0.284439] PCI host bridge to bus 0000:00
[    0.285606] pci_bus 0000:00: root bus resource [io  0x0000-0x0cf7 window]
[    0.288004] pci_bus 0000:00: root bus resource [io  0x0d00-0xffff window]
[    0.289567] pci_bus 0000:00: root bus resource [mem 0x000a0000-0x000bffff window]
[    0.292004] pci_bus 0000:00: root bus resource [mem 0x40000000-0xfdffffff window]
[    0.293816] pci_bus 0000:00: root bus resource [bus 00-ff]
[    0.299304] pci 0000:00:01.1: legacy IDE quirk: reg 0x10: [io  0x01f0-0x01f7]
[    0.300006] pci 0000:00:01.1: legacy IDE quirk: reg 0x14: [io  0x03f6]
[    0.301696] pci 0000:00:01.1: legacy IDE quirk: reg 0x18: [io  0x0170-0x0177]
[    0.304004] pci 0000:00:01.1: legacy IDE quirk: reg 0x1c: [io  0x0376]
[    0.332849] pci 0000:00:07.0: quirk: [io  0x4000-0x403f] claimed by PIIX4 ACPI
[    0.335175] pci 0000:00:07.0: quirk: [io  0x4100-0x410f] claimed by PIIX4 SMB
[    0.345568] ACPI: PCI Interrupt Link [LNKA] (IRQs 5 9 10 *11)
[    0.347922] ACPI: PCI Interrupt Link [LNKB] (IRQs 5 9 *10 11)
[    0.348208] ACPI: PCI Interrupt Link [LNKC] (IRQs 5 *9 10 11)
[    0.350093] ACPI: PCI Interrupt Link [LNKD] (IRQs 5 9 10 *11)
[    0.352957] SCSI subsystem initialized
[    0.354268] pci 0000:00:02.0: vgaarb: setting as boot VGA device
[    0.354268] pci 0000:00:02.0: vgaarb: VGA device added: decodes=io+mem,owns=io+mem,locks=none
[    0.356008] pci 0000:00:02.0: vgaarb: bridge control possible
[    0.360004] vgaarb: loaded
[    0.360999] ACPI: bus type USB registered
[    0.362179] usbcore: registered new interface driver usbfs
[    0.364021] usbcore: registered new interface driver hub
[    0.365510] usbcore: registered new device driver usb
[    0.368079] EDAC MC: Ver: 3.0.0
[    0.369324] PCI: Using ACPI for IRQ routing
[    0.372437] NetLabel: Initializing
[    0.373428] NetLabel:  domain hash size = 128
[    0.374589] NetLabel:  protocols = UNLABELED CIPSOv4 CALIPSO
[    0.376000] NetLabel:  unlabeled traffic allowed by default
[    0.376104] clocksource: Switched to clocksource kvm-clock
[    0.407669] VFS: Disk quotas dquot_6.6.0
[    0.409225] VFS: Dquot-cache hash table entries: 512 (order 0, 4096 bytes)
[    0.411404] AppArmor: AppArmor Filesystem Enabled
[    0.413105] pnp: PnP ACPI init
[    0.416048] pnp: PnP ACPI: found 3 devices
[    0.439127] clocksource: acpi_pm: mask: 0xffffff max_cycles: 0xffffff, max_idle_ns: 2085701024 ns
[    0.441896] NET: Registered protocol family 2
[    0.443351] TCP established hash table entries: 8192 (order: 4, 65536 bytes)
[    0.445328] TCP bind hash table entries: 8192 (order: 5, 131072 bytes)
[    0.449280] TCP: Hash tables configured (established 8192 bind 8192)
[    0.454433] UDP hash table entries: 512 (order: 2, 16384 bytes)
[    0.456116] UDP-Lite hash table entries: 512 (order: 2, 16384 bytes)
[    0.457999] NET: Registered protocol family 1
[    0.459828] pci 0000:00:00.0: Limiting direct PCI/PCI transfers
[    0.461372] pci 0000:00:01.0: Activating ISA DMA hang workarounds
[    0.463019] pci 0000:00:02.0: Video device with shadowed ROM at [mem 0x000c0000-0x000dffff]
[    0.465511] Unpacking initramfs...
[    1.111735] Freeing initrd memory: 19744K
[    1.113545] clocksource: tsc: mask: 0xffffffffffffffff max_cycles: 0x396d519840e, max_idle_ns: 881590569543 ns
[    1.117063] platform rtc_cmos: registered platform RTC device (no PNP device found)
[    1.119397] Scanning for low memory corruption every 60 seconds
[    1.122704] Initialise system trusted keyrings
[    1.124090] Key type blacklist registered
[    1.125274] workingset: timestamp_bits=36 max_order=18 bucket_order=0
[    1.128364] zbud: loaded
[    1.130497] squashfs: version 4.0 (2009/01/31) Phillip Lougher
[    1.132615] fuse init (API version 7.26)
[    1.143525] Key type asymmetric registered
[    1.145459] Asymmetric key parser 'x509' registered
[    1.147331] Block layer SCSI generic (bsg) driver version 0.4 loaded (major 246)
[    1.149694] io scheduler noop registered
[    1.150848] io scheduler deadline registered
[    1.152167] io scheduler cfq registered (default)
[    1.154318] ACPI: AC Adapter [AC] (off-line)
[    1.155628] input: Power Button as /devices/LNXSYSTM:00/LNXPWRBN:00/input/input0
[    1.158005] ACPI: Power Button [PWRF]
[    1.161131] input: Sleep Button as /devices/LNXSYSTM:00/LNXSLPBN:00/input/input1
[    1.167412] ACPI: Sleep Button [SLPF]
[    1.175416] ACPI: Battery Slot [BAT0] (battery present)
[    1.180528] Serial: 8250/16550 driver, 32 ports, IRQ sharing enabled
[    1.207539] 00:02: ttyS0 at I/O 0x3f8 (irq = 4, base_baud = 115200) is a 16550A
[    1.222780] Linux agpgart interface v0.103
[    1.237086] loop: module loaded
[    1.239814] scsi host0: ata_piix
[    1.241813] scsi host1: ata_piix
[    1.243781] ata1: PATA max UDMA/33 cmd 0x1f0 ctl 0x3f6 bmdma 0xd000 irq 14
[    1.247048] ata2: PATA max UDMA/33 cmd 0x170 ctl 0x376 bmdma 0xd008 irq 15
[    1.250797] libphy: Fixed MDIO Bus: probed
[    1.252487] tun: Universal TUN/TAP device driver, 1.6
[    1.254768] PPP generic driver version 2.4.2
[    1.256817] ehci_hcd: USB 2.0 'Enhanced' Host Controller (EHCI) Driver
[    1.259247] ehci-pci: EHCI PCI platform driver
[    1.261288] ehci-platform: EHCI generic platform driver
[    1.263831] ohci_hcd: USB 1.1 'Open' Host Controller (OHCI) Driver
[    1.266796] ohci-pci: OHCI PCI platform driver
[    1.268717] ohci-platform: OHCI generic platform driver
[    1.270984] uhci_hcd: USB Universal Host Controller Interface driver
[    1.274047] i8042: PNP: PS/2 Controller [PNP0303:PS2K,PNP0f03:PS2M] at 0x60,0x64 irq 1,12
[    1.278336] serio: i8042 KBD port at 0x60,0x64 irq 1
[    1.283514] serio: i8042 AUX port at 0x60,0x64 irq 12
[    1.291551] mousedev: PS/2 mouse device common for all mice
[    1.303531] input: AT Translated Set 2 keyboard as /devices/platform/i8042/serio0/input/input2
[    1.304476] rtc_cmos rtc_cmos: rtc core: registered rtc_cmos as rtc0
[    1.322764] rtc_cmos rtc_cmos: alarms up to one day, 114 bytes nvram
[    1.330926] i2c /dev entries driver
[    1.336346] device-mapper: uevent: version 1.0.3
[    1.341278] device-mapper: ioctl: 4.37.0-ioctl (2017-09-20) initialised: dm-devel@redhat.com
[    1.348269] ledtrig-cpu: registered to indicate activity on CPUs
[    1.354929] NET: Registered protocol family 10
[    1.377149] Segment Routing with IPv6
[    1.382388] NET: Registered protocol family 17
[    1.388851] Key type dns_resolver registered
[    1.394898] mce: Using 0 MCE banks
[    1.399181] RAS: Correctable Errors collector initialized.
[    1.405804] sched_clock: Marking stable (1405675414, 0)->(1677414694, -271739280)
[    1.419523] registered taskstats version 1
[    1.424188] Loading compiled-in X.509 certificates
[    1.446627] Loaded X.509 cert 'Build time autogenerated kernel key: 993aedfcb7091aab7364eeb95e85a8dab512d887'
[    1.459702] zswap: loaded using pool lzo/zbud
[    1.491158] Key type big_key registered
[    1.495469] Key type trusted registered
[    1.511104] Key type encrypted registered
[    1.515860] AppArmor: AppArmor sha1 policy hashing enabled
[    1.521925] ima: No TPM chip found, activating TPM-bypass! (rc=-19)
[    1.528328] ima: Allocated hash algorithm: sha1
[    1.533891] evm: HMAC attrs: 0x1
[    1.538917]   Magic number: 4:819:531
[    1.543540] tty ttyS11: hash matches
[    1.549126] rtc_cmos rtc_cmos: setting system clock to 2020-09-14 12:32:50 UTC (1600086770)
[    1.561042] BIOS EDD facility v0.16 2004-Jun-25, 0 devices found
[    1.569316] EDD information not available.
[    1.587697] Freeing unused kernel image memory: 2436K
[    1.604264] Write protecting the kernel read-only data: 20480k
[    1.610542] Freeing unused kernel image memory: 2008K
[    1.614162] Freeing unused kernel image memory: 1872K
[    1.633053] x86/mm: Checked W+X mappings: passed, no W+X pages found.
[    1.636908] x86/mm: Checking user space page tables
[    1.646017] x86/mm: Checked W+X mappings: passed, no W+X pages found.
Loading, please wait...
starting version 237
[    1.745903] e1000: Intel(R) PRO/1000 Network Driver - version 7.3.21-k8-NAPI
[    1.748712] e1000: Copyright (c) 1999-2006 Intel Corporation.
[    1.750573] Fusion MPT base driver 3.04.20
[    1.751788] Copyright (c) 1999-2008 LSI Corporation
[    1.804594] Fusion MPT SPI Host driver 3.04.20
[    1.814655] AVX2 version of gcm_enc/dec engaged.
[    1.816488] AES CTR mode by8 optimization enabled
[    1.989839] input: ImExPS/2 Generic Explorer Mouse as /devices/platform/i8042/serio1/input/input4
[    2.208552] e1000 0000:00:03.0 eth0: (PCI:33MHz:32-bit) 02:b7:1f:33:e9:24
[    2.218670] e1000 0000:00:03.0 eth0: Intel(R) PRO/1000 Network Connection
[    2.237574] mptbase: ioc0: Initiating bringup
[    2.246071] e1000 0000:00:03.0 enp0s3: renamed from eth0
[    3.703507] ioc0: LSI53C1030 A0: Capabilities={Initiator}
[    4.845064] scsi host2: ioc0: LSI53C1030 A0, FwRev=00000000h, Ports=1, MaxQ=256, IRQ=20
[    5.817201] scsi 2:0:0:0: Direct-Access     VBOX     HARDDISK         1.0  PQ: 0 ANSI: 5
[    6.091441] scsi target2:0:0: Beginning Domain Validation
[    6.110690] scsi target2:0:0: Domain Validation skipping write tests
[    6.120184] scsi target2:0:0: Ending Domain Validation
[    6.128279] scsi target2:0:0: asynchronous
[    6.138681] scsi 2:0:1:0: Direct-Access     VBOX     HARDDISK         1.0  PQ: 0 ANSI: 5
[    6.733159] scsi target2:0:1: Beginning Domain Validation
[    6.741718] random: fast init done
[    6.745107] scsi target2:0:1: Domain Validation skipping write tests
[    6.748215] scsi target2:0:1: Ending Domain Validation
[    6.750888] scsi target2:0:1: asynchronous
[    6.766352] random: systemd-udevd: uninitialized urandom read (16 bytes read)
[    6.769230] random: systemd-udevd: uninitialized urandom read (16 bytes read)
[    6.771178] random: systemd-udevd: uninitialized urandom read (16 bytes read)
[    6.773550] sd 2:0:0:0: Attached scsi generic sg0 type 0
[    6.775515] sd 2:0:0:0: [sda] 20971520 512-byte logical blocks: (10.7 GB/10.0 GiB)
[    6.777910] sd 2:0:1:0: Attached scsi generic sg1 type 0
[    6.778047] sd 2:0:0:0: [sda] Write Protect is off
[    6.781028] sd 2:0:1:0: [sdb] 20480 512-byte logical blocks: (10.5 MB/10.0 MiB)
[    6.783068] sd 2:0:1:0: [sdb] Write Protect is off
[    6.784374] sd 2:0:0:0: [sda] Incomplete mode parameter data
[    6.785655] sd 2:0:0:0: [sda] Assuming drive cache: write through
[    6.787430] sd 2:0:1:0: [sdb] Incomplete mode parameter data
[    6.789497] sd 2:0:1:0: [sdb] Assuming drive cache: write through
[    6.794555]  sda: sda1
[    6.796793] sd 2:0:0:0: [sda] Attached SCSI disk
[    6.799732] sd 2:0:1:0: [sdb] Attached SCSI disk
Begin: Loading essential drivers ... [    8.608313] raid6: sse2x1   gen()  5198 MB/s
[    8.656144] raid6: sse2x1   xor()  3929 MB/s
[    8.704058] raid6: sse2x2   gen()  5797 MB/s
[    8.752250] raid6: sse2x2   xor()  4302 MB/s
[    8.800073] raid6: sse2x4   gen()  6148 MB/s
[    8.848401] raid6: sse2x4   xor()  3641 MB/s
[    8.896329] raid6: avx2x1   gen() 10838 MB/s
[    8.944144] raid6: avx2x1   xor()  7525 MB/s
[    8.992094] raid6: avx2x2   gen() 12596 MB/s
[    9.040182] raid6: avx2x2   xor()  7939 MB/s
[    9.088557] raid6: avx2x4   gen() 16101 MB/s
[    9.136359] raid6: avx2x4   xor()  9188 MB/s
[    9.137696] raid6: using algorithm avx2x4 gen() 16101 MB/s
[    9.139129] raid6: .... xor() 9188 MB/s, rmw enabled
[    9.140626] raid6: using avx2x2 recovery algorithm
[    9.144326] xor: automatically using best checksumming function   avx       
[    9.148393] async_tx: api initialized (async)
done.
Begin: Running /scripts/init-premount ... done.
Begin: Mounting root file system ... Begin: Running /scripts/local-top ... done.
Begin: Running /scripts/local-premount ... [    9.222912] Btrfs loaded, crc32c=crc32c-intel
Scanning for Btrfs filesystems
done.
Warning: fsck not present, so skipping root file system
[    9.317307] EXT4-fs (sda1): mounted filesystem with ordered data mode. Opts: (null)
done.
Begin: Running /scripts/local-bottom ... done.
Begin: Running /scripts/init-bottom ... done.
[    9.844828] ip_tables: (C) 2000-2006 Netfilter Core Team
[    9.862034] systemd[1]: systemd 237 running in system mode. (+PAM +AUDIT +SELINUX +IMA +APPARMOR +SMACK +SYSVINIT +UTMP +LIBCRYPTSETUP +GCRYPT +GNUTLS +ACL +XZ +LZ4 +SECCOMP +BLKID +ELFUTILS +KMOD -IDN2 +IDN -PCRE2 default-hierarchy=hybrid)
[    9.866982] systemd[1]: Detected virtualization oracle.
[    9.868289] systemd[1]: Detected architecture x86-64.

Welcome to [1mUbuntu 18.04.3 LTS[0m!

[    9.889519] systemd[1]: Set hostname to <ubuntu-bionic>.
[   10.977279] systemd[1]: Created slice User and Session Slice.
[[0;32m  OK  [0m] Created slice User and Session Slice.
[   10.994833] systemd[1]: Reached target Swap.
[[0;32m  OK  [0m] Reached target Swap.
[   11.006624] systemd[1]: Reached target User and Group Name Lookups.
[[0;32m  OK  [0m] Reached target User and Group Name Lookups.
[   11.034110] systemd[1]: Created slice System Slice.
[[0;32m  OK  [0m] Created slice System Slice.
[   11.046838] systemd[1]: Listening on udev Kernel Socket.
[[0;32m  OK  [0m] Listening on udev Kernel Socket.
[   11.060361] systemd[1]: Listening on /dev/initctl Compatibility Named Pipe.
[[0;32m  OK  [0m] Listening on /dev/initctl Compatibility Named Pipe.
[[0;32m  OK  [0m] Listening on Journal Socket (/dev/log).
[[0;32m  OK  [0m] Created slice system-serial\x2dgetty.slice.
[[0;32m  OK  [0m] Listening on Journal Audit Socket.
[[0;32m  OK  [0m] Set up automount Arbitrary Executab…rmats File System Automount Point.
[[0;32m  OK  [0m] Listening on Journal Socket.
         Mounting Huge Pages File System...
         Starting Uncomplicated firewall...
[[0;32m  OK  [0m] Listening on udev Control Socket.
         Mounting Kernel Debug File System...
[[0;32m  OK  [0m] Reached target System Time Synchronized.
[[0;32m  OK  [0m] Created slice system-postgresql.slice.
[[0;32m  OK  [0m] Reached target Slices.
         Starting Set the console keyboard layout...
         Starting Create list of required st…ce nodes for the current kernel...
         Starting Load Kernel Modules...
         Starting udev Coldplug all Devices...
[[0;32m  OK  [0m] Started Forward Password Requests to Wall Directory Watch.
         Starting Remount Root and Kernel File Systems...
[[0;32m  OK  [0m] Listening on Syslog Socket.
         Starting Journal Service...
         Mounting POSIX Message Queue File System...
[[0;32m  OK  [0m] Listening on LVM2 metadata daemon socket.
[[0;32m  OK  [0m] Listening on Device-mapper event daemon FIFOs.
         Starting Monitoring of LVM2 mirrors…ng dmeventd or progress polling...
[   11.362141] Loading iSCSI transport class v2.0-870.
[[0;32m  OK  [0m] Listening on LVM2 poll daemon socket.
[[0;32m  OK  [0m] Listening on Network Service Netlink Socket.
[[0;32m  OK  [0m] Mounted Huge Pages File System.
[[0;32m  OK  [0m] Started Uncomplicated firewall.
[[0;32m  OK  [0m] Mounted Kernel Debug File System.
[[0;32m  OK  [0m] Started Create list of required sta…vice nodes for the current kernel.
[[0;32m  OK  [0m] Mounted POSIX Message Queue File System.
         Starting Create Static Device Nodes in /dev...
[   11.397782] EXT4-fs (sda1): re-mounted. Opts: (null)
[[0;32m  OK  [0m] Started Remount Root and Kernel File Systems.
         Starting Load/Save Random Seed...
[   11.409891] iscsi: registered transport (tcp)
[[0;32m  OK  [0m] Started Journal Service.
[[0;32m  OK  [0m] Started Create Static Device Nodes in /dev.
         Starting udev Kernel Device Manager...
         Starting Flush Journal to Persistent Storage...
[[0;32m  OK  [0m] Started udev Coldplug all Devices.
[[0;32m  OK  [0m] Started Load/Save Random Seed.
[[0;32m  OK  [0m] Started Set the console keyboard layout.
[   11.491959] iscsi: registered transport (iser)
[[0;32m  OK  [0m] Started Load Kernel Modules.
         Mounting FUSE Control File System...
         Starting Apply Kernel Variables...
         Mounting Kernel Configuration File System...
[[0;32m  OK  [0m] Mounted FUSE Control File System.
[[0;32m  OK  [0m] Mounted Kernel Configuration File System.
[   11.560348] systemd-journald[408]: Received request to flush runtime journal from PID 1
[[0;32m  OK  [0m] Started udev Kernel Device Manager.
[[0;32m  OK  [0m] Started Dispatch Password Requests to Console Directory Watch.
[[0;32m  OK  [0m] Reached target Local Encrypted Volumes.
[[0;32m  OK  [0m] Started LVM2 metadata daemon.
[[0;32m  OK  [0m] Started Apply Kernel Variables.
[[0;32m  OK  [0m] Started Monitoring of LVM2 mirrors,…sing dmeventd or progress polling.
[[0;32m  OK  [0m] Reached target Local File Systems (Pre).
[[0;32m  OK  [0m] Reached target Local File Systems.
         Starting AppArmor initialization...
         Starting Set console font and keymap...
         Starting Tell Plymouth To Write Out Runtime Data...
         Starting ebtables ruleset management...
         Mounting Mount unit for heroku, revision 3979...
         Mounting Mount unit for heroku, revision 3962...
         Mounting Mount unit for core, revision 9665...
         Mounting Mount unit for core, revision 9804...
[[0;32m  OK  [0m] Started Set console font and keymap.
[[0;32m  OK  [0m] Started Tell Plymouth To Write Out Runtime Data.
[[0;32m  OK  [0m] Mounted Mount unit for heroku, revision 3979.
[[0;32m  OK  [0m] Mounted Mount unit for heroku, revision 3962.
[[0;32m  OK  [0m] Mounted Mount unit for core, revision 9804.
[[0;32m  OK  [0m] Mounted Mount unit for core, revision 9665.
[[0;32m  OK  [0m] Started Flush Journal to Persistent Storage.
         Starting Create Volatile Files and Directories...
[[0;32m  OK  [0m] Started ebtables ruleset management.
[[0;32m  OK  [0m] Started Create Volatile Files and Directories.
         Starting Update UTMP about System Boot/Shutdown...
[[0;32m  OK  [0m] Started Update UTMP about System Boot/Shutdown.
[[0;32m  OK  [0m] Found device /dev/ttyS0.
[[0;32m  OK  [0m] Listening on Load/Save RF Kill Switch Status /dev/rfkill Watch.
[[0;32m  OK  [0m] Started AppArmor initialization.
         Starting Initial cloud-init job (pre-networking)...
         Starting Load AppArmor profiles managed internally by snapd...
[[0;32m  OK  [0m] Started Load AppArmor profiles managed internally by snapd.
[   17.018474] cloud-init[556]: Cloud-init v. 19.3-41-gc4735dd3-0ubuntu1~18.04.1 running 'init-local' at Mon, 14 Sep 2020 12:33:05 +0000. Up 16.18 seconds.
[[0;32m  OK  [0m] Started Initial cloud-init job (pre-networking).
[[0;32m  OK  [0m] Reached target Network (Pre).
         Starting Network Service...
[[0;32m  OK  [0m] Started Network Service.
         Starting Network Name Resolution...
         Starting Wait for Network to be Configured...
[[0;32m  OK  [0m] Started Network Name Resolution.
[[0;32m  OK  [0m] Reached target Host and Network Name Lookups.
[[0;32m  OK  [0m] Reached target Network.
[[0;32m  OK  [0m] Started Wait for Network to be Configured.
         Starting Initial cloud-init job (metadata service crawler)...
[   19.561118] cloud-init[697]: Cloud-init v. 19.3-41-gc4735dd3-0ubuntu1~18.04.1 running 'init' at Mon, 14 Sep 2020 12:33:08 +0000. Up 19.36 seconds.
[   19.562810] cloud-init[697]: ci-info: ++++++++++++++++++++++++++++++++++++++Net device info++++++++++++++++++++++++++++++++++++++
[   19.572668] cloud-init[697]: ci-info: +--------+------+----------------------------+---------------+--------+-------------------+
[   19.574047] cloud-init[697]: ci-info: | Device |  Up  |          Address           |      Mask     | Scope  |     Hw-Address    |
[   19.575461] cloud-init[697]: ci-info: +--------+------+----------------------------+---------------+--------+-------------------+
[   19.588626] cloud-init[697]: ci-info: | enp0s3 | True |         10.0.2.15          | 255.255.255.0 | global | 02:b7:1f:33:e9:24 |
[   19.590190] cloud-init[697]: ci-info: | enp0s3 | True | fe80::b7:1fff:fe33:e924/64 |       .       |  link  | 02:b7:1f:33:e9:24 |
[   19.591601] cloud-init[697]: ci-info: |   lo   | True |         127.0.0.1          |   255.0.0.0   |  host  |         .         |
[   19.593059] cloud-init[697]: ci-info: |   lo   | True |          ::1/128           |       .       |  host  |         .         |
[   19.594027] cloud-init[697]: ci-info: +--------+------+----------------------------+---------------+--------+-------------------+
[   19.595135] cloud-init[697]: ci-info: ++++++++++++++++++++++++++++Route IPv4 info+++++++++++++++++++++++++++++
[   19.608262] cloud-init[697]: ci-info: +-------+-------------+----------+-----------------+-----------+-------+
[   19.620431] cloud-init[697]: ci-info: | Route | Destination | Gateway  |     Genmask     | Interface | Flags |
[   19.632545] cloud-init[697]: ci-info: +-------+-------------+----------+-----------------+-----------+-------+
[   19.633705] cloud-init[697]: ci-info: |   0   |   0.0.0.0   | 10.0.2.2 |     0.0.0.0     |   enp0s3  |   UG  |
[   19.634640] cloud-init[697]: ci-info: |   1   |   10.0.2.0  | 0.0.0.0  |  255.255.255.0  |   enp0s3  |   U   |
[   19.635578] cloud-init[697]: ci-info: |   2   |   10.0.2.2  | 0.0.0.0  | 255.255.255.255 |   enp0s3  |   UH  |
[   19.637209] cloud-init[697]: ci-info: +-------+-------------+----------+-----------------+-----------+-------+
[   19.638622] cloud-init[697]: ci-info: +++++++++++++++++++Route IPv6 info+++++++++++++++++++
[   19.639787] cloud-init[697]: ci-info: +-------+-------------+---------+-----------+-------+
[   19.641292] cloud-init[697]: ci-info: | Route | Destination | Gateway | Interface | Flags |
[   19.642857] cloud-init[697]: ci-info: +-------+-------------+---------+-----------+-------+
[   19.644176] cloud-init[697]: ci-info: |   1   |  fe80::/64  |    ::   |   enp0s3  |   U   |
[   19.656818] cloud-init[697]: ci-info: |   3   |    local    |    ::   |   enp0s3  |   U   |
[   19.668329] cloud-init[697]: ci-info: |   4   |   ff00::/8  |    ::   |   enp0s3  |   U   |
[   19.669099] cloud-init[697]: ci-info: +-------+-------------+---------+-----------+-------+
[[0;32m  OK  [0m] Started Initial cloud-init job (metadata service crawler).
[[0;32m  OK  [0m] Reached target Cloud-config availability.
[[0;32m  OK  [0m] Reached target System Initialization.
[[0;32m  OK  [0m] Started Message of the Day.
[[0;32m  OK  [0m] Started Discard unused blocks once a week.
[[0;32m  OK  [0m] Listening on UUID daemon activation socket.
[[0;32m  OK  [0m] Listening on D-Bus System Message Bus Socket.
[[0;32m  OK  [0m] Listening on Open-iSCSI iscsid Socket.
         Starting LXD - unix socket.
[[0;32m  OK  [0m] Started Daily Cleanup of Temporary Directories.
[[0;32m  OK  [0m] Started ACPI Events Check.
         Starting Socket activation for snappy daemon.
[[0;32m  OK  [0m] Listening on ACPID Listen Socket.
[[0;32m  OK  [0m] Started Daily apt download activities.
[[0;32m  OK  [0m] Started Daily apt upgrade and clean activities.
[[0;32m  OK  [0m] Reached target Timers.
[[0;32m  OK  [0m] Reached target Paths.
[[0;32m  OK  [0m] Reached target Network is Online.
         Starting Availability of block devices...
[[0;32m  OK  [0m] Reached target Remote File Systems (Pre).
[[0;32m  OK  [0m] Reached target Remote File Systems.
[[0;32m  OK  [0m] Listening on LXD - unix socket.
[[0;32m  OK  [0m] Listening on Socket activation for snappy daemon.
[[0;32m  OK  [0m] Started Availability of block devices.
[[0;32m  OK  [0m] Reached target Sockets.
[[0;32m  OK  [0m] Reached target Basic System.
         Starting Message of the Day...
         Starting LXD - container startup/shutdown...
[[0;32m  OK  [0m] Started Deferred execution scheduler.
         Starting Login Service...
         Starting PostgreSQL Cluster 10-main...
[[0;32m  OK  [0m] Started irqbalance daemon.
         Starting LSB: automatic crash report generation...
         Starting Permit User Sessions...
         Starting Accounts Service...
         Starting Discard unused blocks...
         Starting LSB: Record successful boot for GRUB...
         Starting MySQL Community Server...
         Starting OpenBSD Secure Shell server...
[[0;32m  OK  [0m] Started Regular background program processing daemon.
[[0;32m  OK  [0m] Started D-Bus System Message Bus.
[[0;32m  OK  [0m] Started FUSE filesystem for LXC.
         Starting Snap Daemon...
         Starting Resets System Activity Data Collector...
         Starting System Logging Service...
         Starting Dispatcher daemon for systemd-networkd...
         Starting Virtualbox guest utils...
[[0;32m  OK  [0m] Started LXD - container startup/shutdown.
[[0;32m  OK  [0m] Started Permit User Sessions.
[[0;32m  OK  [0m] Started Discard unused blocks.
[[0;32m  OK  [0m] Started Resets System Activity Data Collector.
[[0;32m  OK  [0m] Started Login Service.
[[0;32m  OK  [0m] Started System Logging Service.
         Starting Authorization Manager...
[[0;32m  OK  [0m] Started Unattended Upgrades Shutdown.
         Starting Terminate Plymouth Boot Screen...
         Starting Hold until boot process finishes up...
[[0;32m  OK  [0m] Started Hold until boot process finishes up.
         Starting Set console scheme...
[[0;32m  OK  [0m] Started Serial Getty on ttyS0.
[[0;32m  OK  [0m] Started OpenBSD Secure Shell server.
[[0;32m  OK  [0m] Started Terminate Plymouth Boot Screen.
[[0;32m  OK  [0m] Started Set console scheme.
[[0;32m  OK  [0m] Created slice system-getty.slice.
[[0;32m  OK  [0m] Started Getty on tty1.
[[0;32m  OK  [0m] Reached target Login Prompts.
[[0;32m  OK  [0m] Started LSB: automatic crash report generation.
[[0;32m  OK  [0m] Started LSB: Record successful boot for GRUB.
[[0;32m  OK  [0m] Started Virtualbox guest utils.
[[0;32m  OK  [0m] Started Authorization Manager.
[[0;32m  OK  [0m] Started Accounts Service.
[[0;32m  OK  [0m] Created slice User Slice of vagrant.
[[0;32m  OK  [0m] Started Dispatcher daemon for systemd-networkd.
[[0;32m  OK  [0m] Started Session 1 of user vagrant.
         Starting User Manager for UID 1000...
[[0;32m  OK  [0m] Started User Manager for UID 1000.
[[0;32m  OK  [0m] Started Message of the Day.
[[0;32m  OK  [0m] Started MySQL Community Server.
[[0;32m  OK  [0m] Started Snap Daemon.
         Starting Wait until snapd is fully seeded...
[[0;32m  OK  [0m] Started Wait until snapd is fully seeded.
         Starting Apply the settings specified in cloud-config...
[[0;32m  OK  [0m] Started PostgreSQL Cluster 10-main.
         Starting PostgreSQL RDBMS...
[[0;32m  OK  [0m] Started PostgreSQL RDBMS.
[[0;32m  OK  [0m] Reached target Multi-User System.
[[0;32m  OK  [0m] Reached target Graphical Interface.
         Starting Update UTMP about System Runlevel Changes...
[[0;32m  OK  [0m] Started Update UTMP about System Runlevel Changes.
[   27.131968] cloud-init[1303]: Cloud-init v. 19.3-41-gc4735dd3-0ubuntu1~18.04.1 running 'modules:config' at Mon, 14 Sep 2020 12:33:15 +0000. Up 26.88 seconds.

Ubuntu 18.04.3 LTS ubuntu-bionic ttyS0

ubuntu-bionic login: [   28.234428] cloud-init[1429]: Cloud-init v. 19.3-41-gc4735dd3-0ubuntu1~18.04.1 running 'modules:final' at Mon, 14 Sep 2020 12:33:16 +0000. Up 28.00 seconds.
[   28.236114] cloud-init[1429]: Cloud-init v. 19.3-41-gc4735dd3-0ubuntu1~18.04.1 finished at Mon, 14 Sep 2020 12:33:17 +0000. Datasource DataSourceNoCloud [seed=/dev/sdb][dsmode=net].  Up 28.20 seconds
[[0;32m  OK  [0m] Stopped target Cloud-init target.
[[0;32m  OK  [0m] Stopped Execute cloud user/final scripts.
[[0;32m  OK  [0m] Stopped Apply the settings specified in cloud-config.
[[0;32m  OK  [0m] Stopped target Network is Online.
[[0;32m  OK  [0m] Stopped target Cloud-config availability.
[[0;32m  OK  [0m] Stopped target Host and Network Name Lookups.
[[0;32m  OK  [0m] Stopped target Graphical Interface.
         Stopping Accounts Service...
         Stopping Availability of block devices...
         Stopping Session 8 of user vagrant.
[[0;32m  OK  [0m] Stopped target Multi-User System.
         Stopping Deferred execution scheduler...
         Stopping LSB: Record successful boot for GRUB...
         Stopping LSB: automatic crash report generation...
         Stopping D-Bus System Message Bus...
[[0;32m  OK  [0m] Stopped target Login Prompts.
         Stopping Getty on tty1...
         Stopping Unattended Upgrades Shutdown...
[[0;32m  OK  [0m] Stopped Resets System Activity Data Collector.
         Stopping LXD - container startup/shutdown...
         Stopping MySQL Community Server...
         Stopping Virtualbox guest utils...
         Stopping OpenBSD Secure Shell server...
         Stopping Regular background program processing daemon...
[[0;32m  OK  [0m] Stopped PostgreSQL RDBMS.
         Stopping PostgreSQL Cluster 10-main...
[[0;32m  OK  [0m] Stopped Wait until snapd is fully seeded.
         Stopping Snap Daemon...
         Stopping FUSE filesystem for LXC...
[[0;32m  OK  [0m] Stopped target Timers.
[[0;32m  OK  [0m] Stopped Discard unused blocks once a week.
[[0;32m  OK  [0m] Stopped Daily apt upgrade and clean activities.
[[0;32m  OK  [0m] Stopped Daily apt download activities.
[[0;32m  OK  [0m] Stopped Message of the Day.
[[0;32m  OK  [0m] Stopped target System Time Synchronized.
         Stopping System Logging Service...
         Stopping Authorization Manager...
         Stopping Serial Getty on ttyS0...
         Stopping Dispatcher daemon for systemd-networkd...
[[0;32m  OK  [0m] Closed Load/Save RF Kill Switch Status /dev/rfkill Watch.
         Stopping irqbalance daemon...
         Stopping User Manager for UID 1000...
[[0;32m  OK  [0m] Stopped Daily Cleanup of Temporary Directories.
[[0;32m  OK  [0m] Unmounted /var/lib/lxcfs.
[[0;32m  OK  [0m] Stopped Deferred execution scheduler.
[[0;32m  OK  [0m] Stopped irqbalance daemon.
[[0;32m  OK  [0m] Stopped Accounts Service.
[[0;32m  OK  [0m] Stopped Regular background program processing daemon.
[[0;32m  OK  [0m] Stopped System Logging Service.
[[0;32m  OK  [0m] Stopped Snap Daemon.
[[0;32m  OK  [0m] Stopped Dispatcher daemon for systemd-networkd.
[[0;32m  OK  [0m] Stopped OpenBSD Secure Shell server.
[[0;32m  OK  [0m] Stopped Authorization Manager.
[[0;32m  OK  [0m] Stopped Unattended Upgrades Shutdown.
[[0;32m  OK  [0m] Stopped Serial Getty on ttyS0.
[[0;32m  OK  [0m] Stopped Getty on tty1.
[[0;32m  OK  [0m] Stopped User Manager for UID 1000.
[[0;32m  OK  [0m] Stopped Availability of block devices.
[[0;32m  OK  [0m] Stopped D-Bus System Message Bus.
[[0;32m  OK  [0m] Stopped FUSE filesystem for LXC.
[[0;32m  OK  [0m] Stopped Session 8 of user vagrant.
[[0;32m  OK  [0m] Stopped LXD - container startup/shutdown.
[[0;32m  OK  [0m] Stopped LSB: automatic crash report generation.
[[0;32m  OK  [0m] Removed slice User Slice of vagrant.
[[0;32m  OK  [0m] Removed slice system-getty.slice.
         Stopping Permit User Sessions...
[[0;32m  OK  [0m] Removed slice system-serial\x2dgetty.slice.
         Stopping Login Service...
         Unmounting Mount unit for heroku, revision 3979...
         Unmounting Mount unit for core, revision 9804...
         Unmounting Mount unit for heroku, revision 3962...
         Unmounting Mount unit for core, revision 9665...
[[0;32m  OK  [0m] Stopped LSB: Record successful boot for GRUB.
[[0;32m  OK  [0m] Stopped Permit User Sessions.
[[0;32m  OK  [0m] Unmounted Mount unit for heroku, revision 3979.
[[0;32m  OK  [0m] Unmounted Mount unit for heroku, revision 3962.
[[0;32m  OK  [0m] Stopped target Remote File Systems.
[[0;32m  OK  [0m] Stopped target Remote File Systems (Pre).
[[0;32m  OK  [0m] Stopped Login Service.
[[0;32m  OK  [0m] Unmounted Mount unit for core, revision 9804.
[[0;32m  OK  [0m] Unmounted Mount unit for core, revision 9665.
[[0;32m  OK  [0m] Stopped target User and Group Name Lookups.
[[0;32m  OK  [0m] Stopped Virtualbox guest utils.
[[0;32m  OK  [0m] Stopped PostgreSQL Cluster 10-main.
[[0;32m  OK  [0m] Removed slice system-postgresql.slice.
[[0;32m  OK  [0m] Stopped MySQL Community Server.
[[0;32m  OK  [0m] Stopped target Basic System.
[[0;32m  OK  [0m] Stopped target Sockets.
[[0;32m  OK  [0m] Closed LXD - unix socket.
[[0;32m  OK  [0m] Closed ACPID Listen Socket.
[[0;32m  OK  [0m] Closed UUID daemon activation socket.
[[0;32m  OK  [0m] Closed Open-iSCSI iscsid Socket.
[[0;32m  OK  [0m] Closed Syslog Socket.
[[0;32m  OK  [0m] Closed D-Bus System Message Bus Socket.
[[0;32m  OK  [0m] Closed Socket activation for snappy daemon.
[[0;32m  OK  [0m] Stopped target Paths.
[[0;32m  OK  [0m] Stopped ACPI Events Check.
[[0;32m  OK  [0m] Stopped target Slices.
[[0;32m  OK  [0m] Removed slice User and Session Slice.
[[0;32m  OK  [0m] Stopped target System Initialization.
[[0;32m  OK  [0m] Stopped Initial cloud-init job (metadata service crawler).
[[0;32m  OK  [0m] Stopped Wait for Network to be Configured.
         Stopping Update UTMP about System Boot/Shutdown...
[[0;32m  OK  [0m] Stopped target Local Encrypted Volumes.
[[0;32m  OK  [0m] Stopped Forward Password Requests to Wall Directory Watch.
[[0;32m  OK  [0m] Stopped Dispatch Password Requests to Console Directory Watch.
         Stopping Load/Save Random Seed...
[[0;32m  OK  [0m] Stopped target Network.
         Stopping Network Name Resolution...
[[0;32m  OK  [0m] Stopped Update UTMP about System Boot/Shutdown.
[[0;32m  OK  [0m] Stopped Load/Save Random Seed.
[[0;32m  OK  [0m] Stopped Network Name Resolution.
         Stopping Network Service...
[[0;32m  OK  [0m] Stopped Create Volatile Files and Directories.
[[0;32m  OK  [0m] Stopped target Local File Systems.
         Unmounting /vagrant...
         Unmounting /run/user/1000...
         Unmounting /home/vagrant/workspace...
[[0;32m  OK  [0m] Stopped Network Service.
[[0;32m  OK  [0m] Unmounted /vagrant.
[[0;32m  OK  [0m] Stopped Apply Kernel Variables.
[[0;32m  OK  [0m] Stopped Load Kernel Modules.
[[0;32m  OK  [0m] Stopped target Network (Pre).
[[0;32m  OK  [0m] Stopped Initial cloud-init job (pre-networking).
[[0;32m  OK  [0m] Unmounted /run/user/1000.
[[0;32m  OK  [0m] Unmounted /home/vagrant/workspace.
[[0;32m  OK  [0m] Reached target Unmount All Filesystems.
[[0;32m  OK  [0m] Stopped target Swap.
[[0;32m  OK  [0m] Stopped target Local File Systems (Pre).
[[0;32m  OK  [0m] Stopped Remount Root and Kernel File Systems.
[[0;32m  OK  [0m] Stopped Create Static Device Nodes in /dev.
[[0;32m  OK  [0m] Reached target Shutdown.
[[0;32m  OK  [0m] Reached target Final Step.
         Starting Power-Off...
         Stopping Monitoring of LVM2 mirrors…ng dmeventd or progress polling...
[ 1380.146614] reboot: Power down
